11:21:21.773 [main] INFO  MavenRepositoryProvisioner - -----------------------------------
11:21:21.775 [main] INFO  MavenRepositoryProvisioner -  Maven Repository Provisioner      
11:21:21.775 [main] INFO  MavenRepositoryProvisioner -  simpligility technologies inc.    
11:21:21.775 [main] INFO  MavenRepositoryProvisioner -  http://www.simpligility.com       
11:21:21.775 [main] INFO  MavenRepositoryProvisioner - -----------------------------------
11:21:21.799 [main] INFO  MavenRepositoryProvisioner - 
Provisioning artifacts: null
Source: https://repo1.maven.org/maven2
Target: http://url.io/
Username: coding@coding.com
Password: ***************************
IncludeSources: true
IncludeJavadoc: true
IncludeProvidedScope: false
IncludeTestScope: false
IncludeRuntimeScope: false
Check target: true
Verify only: false
Local cache or source repository directory: ./repository


11:21:21.800 [main] INFO  MavenRepositoryProvisioner -  Absolute path: /Users/manso/Workspace/migrate-script/maven/migrate_v2/./repository
11:21:21.800 [main] INFO  MavenRepositoryProvisioner - Detected local cache directory './repository'.
11:21:21.800 [main] INFO  MavenRepositoryProvisioner - No artifact coordinates specified - using cache directory as source.
11:21:21.800 [main] INFO  MavenRepositoryProvisioner - Artifact retrieval skipped. 
11:21:21.800 [main] INFO  MavenRepositoryProvisioner - Artifact deployment starting.
11:21:22.591 [main] INFO  MavenRepositoryHelper - Found POM for com.google.guava:guava-parent:26.0-android already in target. Skipping deployment.
11:21:22.838 [main] INFO  MavenRepositoryHelper - Found POM for com.google.guava:guava-parent:11.0.2 already in target. Skipping deployment.
11:21:23.099 [main] INFO  MavenRepositoryHelper - Found POM for com.google.guava:guava-parent:19.0 already in target. Skipping deployment.
11:21:23.389 [main] INFO  MavenRepositoryHelper - Found POM for com.google.guava:guava-parent:18.0 already in target. Skipping deployment.
11:21:23.673 [main] INFO  MavenRepositoryHelper - Found POM for com.google.guava:guava-parent:14.0.1 already in target. Skipping deployment.
11:21:23.923 [main] INFO  MavenRepositoryHelper - Found POM for com.google.guava:guava-parent:27.1-jre already in target. Skipping deployment.
11:21:24.197 [main] INFO  MavenRepositoryHelper - Found POM for com.google.guava:guava-parent:25.1-android already in target. Skipping deployment.
11:21:24.453 [main] INFO  MavenRepositoryHelper - Found POM for com.google.guava:guava-parent:16.0.1 already in target. Skipping deployment.
11:21:24.717 [main] INFO  MavenRepositoryHelper - Found POM for com.google.guava:guava-parent:10.0.1 already in target. Skipping deployment.
11:21:25.001 [main] INFO  MavenRepositoryHelper - Found POM for com.google.guava:guava:11.0.2 already in target. Skipping deployment.
11:21:25.332 [main] INFO  MavenRepositoryHelper - Found POM for com.google.guava:guava:19.0 already in target. Skipping deployment.
11:21:25.596 [main] INFO  MavenRepositoryHelper - Found POM for com.google.guava:guava:18.0 already in target. Skipping deployment.
11:21:25.853 [main] INFO  MavenRepositoryHelper - Found POM for com.google.guava:guava:14.0.1 already in target. Skipping deployment.
11:21:26.112 [main] INFO  MavenRepositoryHelper - Found POM for com.google.guava:guava:27.1-jre already in target. Skipping deployment.
11:21:26.366 [main] INFO  MavenRepositoryHelper - Found POM for com.google.guava:guava:25.1-android already in target. Skipping deployment.
11:21:26.641 [main] INFO  MavenRepositoryHelper - Found POM for com.google.guava:guava:16.0.1 already in target. Skipping deployment.
11:21:26.903 [main] INFO  LoggingTransferListener - Uploading: http://url.io/com/google/guava/guava/10.0.1/guava-10.0.1.pom
11:21:26.904 [main] INFO  LoggingRepositoryListener - Deploying com.google.guava:guava:pom:10.0.1 to repositoryIdentifier (http://url.io/, default, releases+snapshots)
11:21:27.213 [main] INFO  LoggingTransferListener - Could not transfer artifact com.google.guava:guava:pom:10.0.1 from/to repositoryIdentifier (http://url.io/): Premature end of Content-Length delimited message body (expected: 69; received: 0)
11:21:27.214 [main] INFO  LoggingRepositoryListener - Deployed com.google.guava:guava:pom:10.0.1 to repositoryIdentifier (http://url.io/, default, releases+snapshots)
11:21:27.214 [main] INFO  LoggingTransferListener - Uploading: http://url.io/com/google/guava/guava/10.0.1/guava-10.0.1.jar
11:21:27.214 [main] INFO  LoggingRepositoryListener - Deploying com.google.guava:guava:jar:10.0.1 to repositoryIdentifier (http://url.io/, default, releases+snapshots)
11:21:27.902 [main] INFO  LoggingTransferListener - Could not transfer artifact com.google.guava:guava:jar:10.0.1 from/to repositoryIdentifier (http://url.io/): Premature end of Content-Length delimited message body (expected: 69; received: 0)
11:21:27.902 [main] INFO  LoggingRepositoryListener - Deployed com.google.guava:guava:jar:10.0.1 to repositoryIdentifier (http://url.io/, default, releases+snapshots)
11:21:27.902 [main] INFO  MavenRepositoryHelper - Deployment failed with Failed to deploy artifacts: Could not transfer artifact com.google.guava:guava:pom:10.0.1 from/to repositoryIdentifier (http://url.io/): Premature end of Content-Length delimited message body (expected: 69; received: 0), artifact might be deployed already.
11:21:28.161 [main] INFO  MavenRepositoryHelper - Found POM for com.google.guava:failureaccess:1.0.1 already in target. Skipping deployment.
11:21:28.400 [main] INFO  MavenRepositoryHelper - Found POM for com.google.inject:guice:4.2.3 already in target. Skipping deployment.
11:21:28.698 [main] INFO  MavenRepositoryHelper - Found POM for com.google.inject:guice:4.2.1 already in target. Skipping deployment.
11:21:28.949 [main] INFO  MavenRepositoryHelper - Found POM for com.google.inject:guice:4.0 already in target. Skipping deployment.
11:21:29.223 [main] INFO  MavenRepositoryHelper - Found POM for com.google.inject.extensions:guice-multibindings:4.2.3 already in target. Skipping deployment.
11:21:29.473 [main] INFO  MavenRepositoryHelper - Found POM for com.google.inject.extensions:guice-servlet:4.2.3 already in target. Skipping deployment.
11:21:29.739 [main] INFO  MavenRepositoryHelper - Found POM for com.google.inject.extensions:extensions-parent:4.2.3 already in target. Skipping deployment.
11:21:30.007 [main] INFO  MavenRepositoryHelper - Found POM for com.google.inject.extensions:guice-assistedinject:4.2.3 already in target. Skipping deployment.
11:21:30.275 [main] INFO  MavenRepositoryHelper - Found POM for com.google.inject:guice-parent:4.2.3 already in target. Skipping deployment.
11:21:30.572 [main] INFO  MavenRepositoryHelper - Found POM for com.google.inject:guice-parent:4.2.1 already in target. Skipping deployment.
11:21:30.859 [main] INFO  MavenRepositoryHelper - Found POM for com.google.inject:guice-parent:4.0 already in target. Skipping deployment.
11:21:31.127 [main] INFO  MavenRepositoryHelper - Found POM for com.google:google:1 already in target. Skipping deployment.
11:21:31.411 [main] INFO  MavenRepositoryHelper - Found POM for com.google:google:5 already in target. Skipping deployment.
11:21:31.724 [main] INFO  MavenRepositoryHelper - Found POM for com.google.code.maven-scm-provider-svnjava:maven-scm-provider-svnjava:1.13 already in target. Skipping deployment.
11:21:31.974 [main] INFO  MavenRepositoryHelper - Found POM for com.google.code.gson:gson:2.4 already in target. Skipping deployment.
11:21:32.233 [main] INFO  MavenRepositoryHelper - Found POM for com.google.code.findbugs:annotations:3.0.0 already in target. Skipping deployment.
11:21:32.501 [main] INFO  MavenRepositoryHelper - Found POM for com.google.code.findbugs:jsr305:1.3.9 already in target. Skipping deployment.
11:21:32.752 [main] INFO  MavenRepositoryHelper - Found POM for com.google.code.findbugs:jsr305:2.0.1 already in target. Skipping deployment.
11:21:33.019 [main] INFO  MavenRepositoryHelper - Found POM for com.google.code.findbugs:jsr305:3.0.0 already in target. Skipping deployment.
11:21:33.270 [main] INFO  MavenRepositoryHelper - Found POM for com.google.code.findbugs:jsr305:3.0.2 already in target. Skipping deployment.
11:21:33.532 [main] INFO  MavenRepositoryHelper - Found POM for com.google.errorprone:error_prone_parent:2.1.3 already in target. Skipping deployment.
11:21:33.808 [main] INFO  MavenRepositoryHelper - Found POM for com.google.errorprone:error_prone_annotations:2.1.3 already in target. Skipping deployment.
11:21:34.124 [main] INFO  MavenRepositoryHelper - Found POM for com.google.collections:google-collections:1.0 already in target. Skipping deployment.
11:21:34.397 [main] INFO  MavenRepositoryHelper - Found POM for com.google.j2objc:j2objc-annotations:1.1 already in target. Skipping deployment.
11:21:34.397 [main] INFO  MavenRepositoryProvisioner - Artifact deployment completed.
11:21:34.398 [main] INFO  MavenRepositoryProvisioner - Processing Completed.
11:21:34.398 [main] INFO  MavenRepositoryProvisioner - 
Processing Summary
-----------------------------------
Configuration:

Provisioning artifacts: null
Source: https://repo1.maven.org/maven2
Target: http://url.io/
Username: coding@coding.com
Password: ***************************
IncludeSources: true
IncludeJavadoc: true
IncludeProvidedScope: false
IncludeTestScope: false
IncludeRuntimeScope: false
Check target: true
Verify only: false
Local cache or source repository directory: ./repository

Sucessful Deployments:


Failed Deployments:

com.google.guava:guava:jar:10.0.1
com.google.guava:guava:pom:10.0.1

Skipped Deployments (POM already in target):

com.google.code.findbugs:annotations:3.0.0
com.google.code.findbugs:jsr305:1.3.9
com.google.code.findbugs:jsr305:2.0.1
com.google.code.findbugs:jsr305:3.0.0
com.google.code.findbugs:jsr305:3.0.2
com.google.code.gson:gson:2.4
com.google.code.maven-scm-provider-svnjava:maven-scm-provider-svnjava:1.13
com.google.collections:google-collections:1.0
com.google.errorprone:error_prone_annotations:2.1.3
com.google.errorprone:error_prone_parent:2.1.3
com.google.guava:failureaccess:1.0.1
com.google.guava:guava-parent:10.0.1
com.google.guava:guava-parent:11.0.2
com.google.guava:guava-parent:14.0.1
com.google.guava:guava-parent:16.0.1
com.google.guava:guava-parent:18.0
com.google.guava:guava-parent:19.0
com.google.guava:guava-parent:25.1-android
com.google.guava:guava-parent:26.0-android
com.google.guava:guava-parent:27.1-jre
com.google.guava:guava:11.0.2
com.google.guava:guava:14.0.1
com.google.guava:guava:16.0.1
com.google.guava:guava:18.0
com.google.guava:guava:19.0
com.google.guava:guava:25.1-android
com.google.guava:guava:27.1-jre
com.google.inject.extensions:extensions-parent:4.2.3
com.google.inject.extensions:guice-assistedinject:4.2.3
com.google.inject.extensions:guice-multibindings:4.2.3
com.google.inject.extensions:guice-servlet:4.2.3
com.google.inject:guice-parent:4.0
com.google.inject:guice-parent:4.2.1
com.google.inject:guice-parent:4.2.3
com.google.inject:guice:4.0
com.google.inject:guice:4.2.1
com.google.inject:guice:4.2.3
com.google.j2objc:j2objc-annotations:1.1
com.google:google:1
com.google:google:5

Potential Deployments :



11:21:34.398 [main] INFO  MavenRepositoryProvisioner - Exiting: FAILURE 
Failed to deploy some artifacts.

16:34:11.846 [main] INFO  MavenRepositoryProvisioner - -----------------------------------
16:34:11.848 [main] INFO  MavenRepositoryProvisioner -  Maven Repository Provisioner      
16:34:11.848 [main] INFO  MavenRepositoryProvisioner -  simpligility technologies inc.    
16:34:11.848 [main] INFO  MavenRepositoryProvisioner -  http://www.simpligility.com       
16:34:11.849 [main] INFO  MavenRepositoryProvisioner - -----------------------------------
16:34:11.873 [main] INFO  MavenRepositoryProvisioner - Usage: <main class> [options]
  Options:
    -a, -artifactCoordinates
      GroupId/ArtifactId/Version (GAV) coordinates of the desired artifacts 
      using the syntax (values in [] are optional): 
      g:a[:extension][:classifier]:v|g:a[:extension][:classifier]:v  e.g. 
      org.apache.commons:commons-lang3:3.3.2|com.google.inject:guice:jar:no_aop:3.0 
    -cd, -cacheDirectory
      Local directory used as a cache between resolving and deploying or as 
      the source repository that should be transferred.
      Default: local-cache
    -ct, -checkTarget
      Check target repository before deploying, if target GAV pom exists no 
      deployment will be attempted
      Default: true
    -h, -help
      Display the help information.
    -ij, -includeJavadoc
      Flag to enable/disable download of javadoc artifacts.
      Default: true
    -ip, -includeProvidedScope
      Flag to include/exclude provisioning of dependencies with provided 
      scope. 
      Default: false
    -ir, -includeRuntimeScope
      Flag to include/exclude provisioning of dependencies with runtime scope.
      Default: false
    -is, -includeSources
      Flag to enable/disable download of sources artifacts.
      Default: true
    -it, -includeTestScope
      Flag to include/exclude provisioning of dependencies with test scope.
      Default: false
    -p, -password
      Password for the deployment, if required.
    -sp, -sourcePassword
      Password for the source repository, if required.
    -s, -sourceUrl
      URL for the source repository from which artifacts are resolved, example 
      for a Nexus install is http://localhost:8081/content/groups/public
      Default: https://repo1.maven.org/maven2
    -su, -sourceUsername
      Username for the source repository, if required.
  * -t, -targetUrl
      Folder or URL for the target repository e.g. dist-repo or  
      http://localhost:8081/content/repositories/release 
    -u, -username
      Username for the deployment, if required.
    -vo, -verifyOnly
      Verify which artifacts would be deployed only, deployment is skipped and 
       potential deployments of a second execution are logged.
      Default: false

16:34:11.874 [main] INFO  MavenRepositoryProvisioner - Exiting: FAILURE 
Problem parsing configuration.
